<?xml version="1.0" encoding="UTF-8"?>
<!-- Generated by org.testng.reporters.JUnitReportReporter -->
<testsuite hostname="lenovo-PC" failures="0" tests="1" name="package1.timeWait1" time="2.491" errors="0" timestamp="2023-03-25T19:50:27 IST" skipped="0">
  <testcase classname="package1.timeWait1" name="searchBox" time="2.491"/>
  <system-out/>
</testsuite> <!-- package1.timeWait1 -->
