<?xml version="1.0" encoding="UTF-8"?>
<!-- Generated by org.testng.reporters.JUnitReportReporter -->
<testsuite hostname="lenovo-PC" failures="0" tests="4" name="package1.Annotations1" time="211.787" errors="0" timestamp="2023-03-25T19:36:23 IST" skipped="0">
  <testcase classname="package1.Annotations1" name="verifyManagingYourAccount" time="60.214"/>
  <system-out/>
  <testcase classname="package1.Annotations1" name="title" time="53.438"/>
  <system-out/>
  <testcase classname="package1.Annotations1" name="userName" time="34.772"/>
  <system-out/>
  <testcase classname="package1.Annotations1" name="verifyShippingDelivery" time="63.363"/>
  <system-out/>
</testsuite> <!-- package1.Annotations1 -->
