<?xml version="1.0" encoding="UTF-8"?>
<!-- Generated by org.testng.reporters.JUnitReportReporter -->
<testsuite hostname="lenovo-PC" failures="0" tests="10" name="package1.TestNGTest1" time="103.400" errors="0" timestamp="2023-03-27T12:22:56 IST" skipped="1">
  <testcase classname="package1.TestNGTest1" name="verifyUserName" time="13.804"/>
  <system-out/>
  <testcase classname="package1.TestNGTest1" name="verifyDigitalContent" time="13.097"/>
  <system-out/>
  <testcase classname="package1.TestNGTest1" name="amazonLogo" time="9.727"/>
  <system-out/>
  <testcase classname="package1.TestNGTest1" name="verifyTitle" time="8.676"/>
  <system-out/>
  <testcase classname="package1.TestNGTest1" name="verifyTitle" time="13.545"/>
  <system-out/>
  <testcase classname="package1.TestNGTest1" name="verifyTitle" time="11.952"/>
  <system-out/>
  <testcase classname="package1.TestNGTest1" name="verifyTitle" time="10.057"/>
  <system-out/>
  <testcase classname="package1.TestNGTest1" name="verifyTitle" time="9.051"/>
  <system-out/>
  <testcase classname="package1.TestNGTest1" name="verifyTitle" time="13.491"/>
  <system-out/>
  <testcase classname="package1.TestNGTest1" name="verifyTrending">
    <skipped/>
  </testcase> <!-- verifyTrending -->
  <system-out/>
</testsuite> <!-- package1.TestNGTest1 -->
