<?xml version="1.0" encoding="UTF-8"?>
<!-- Generated by org.testng.reporters.JUnitReportReporter -->
<testsuite hostname="lenovo-PC" failures="0" tests="3" name="package1.testNG1" time="0.132" errors="0" timestamp="2023-03-25T19:36:23 IST" skipped="0">
  <testcase classname="package1.testNG1" name="firstMathed" time="0.001"/>
  <system-out/>
  <testcase classname="package1.testNG1" name="SECONDMathed" time="0.127"/>
  <system-out/>
  <testcase classname="package1.testNG1" name="THIRDMathed" time="0.004"/>
  <system-out/>
</testsuite> <!-- package1.testNG1 -->
